0
2022-06-16T23:31:46,747278051+03:00 burst started
2022-06-16T23:31:51,736271043+03:00 burst ended
-.026272833
2022-06-16T23:31:51,760345388+03:00 AEB 1/1000 9.969284231
2022-06-16T23:31:53,545489601+03:00 AEB 1/1000 8.191919259
2022-06-16T23:31:55,334327105+03:00 AEB 1/1000 6.403549469
2022-06-16T23:31:57,123769951+03:00 AEB 1/1000 4.613692032
2022-06-16T23:31:58,912730701+03:00 AEB 1/1000 2.825007881
2022-06-16T23:32:00,693283976+03:00 AEB 1/1000 1.038620185
-.772280342
2022-06-16T23:32:02,523410427+03:00 AEB 1/8 29.213991872
2022-06-16T23:32:06,280858914+03:00 AEB 1/8 25.456740240
2022-06-16T23:32:10,038353409+03:00 AEB 1/8 21.699199623
2022-06-16T23:32:13,798515984+03:00 AEB 1/8 17.940620695
2022-06-16T23:32:17,557031114+03:00 AEB 1/8 14.180390313
2022-06-16T23:32:21,314403033+03:00 AEB 1/8 10.423242120
2022-06-16T23:32:25,071470683+03:00 AEB 1/8 6.665844260
2022-06-16T23:32:28,831340930+03:00 AEB 1/8 2.907856886
-.884109143
2022-06-16T23:32:32,635670741+03:00 AEB 1/1000 9.101728541
2022-06-16T23:32:34,432209027+03:00 AEB 1/1000 7.306526963
2022-06-16T23:32:36,225897144+03:00 AEB 1/1000 5.512138231
2022-06-16T23:32:38,019972934+03:00 AEB 1/1000 3.717444639
2022-06-16T23:32:39,813472414+03:00 AEB 1/1000 1.924091780
2022-06-16T23:32:41,752802043+03:00 burst started
2022-06-16T23:32:46,743075163+03:00 burst ended
done
